[GIN-debug] GET    /v1                       --> backend/internal/routes/v1.V1RoutesRegister.func3 (6 handlers)
[GIN-debug] POST   /v1/user                  --> backend/internal/controllers/v1.UserControllerV1.CreateUser-fm (8 handlers)
[GIN-debug] POST   /v1/user/technician       --> backend/internal/controllers/v1.UserControllerV1.CreateTechnicianUser-fm (8 handlers)
[GIN-debug] GET    /v1/user/technicians      --> backend/internal/controllers/v1.UserControllerV1.GetTechnicians-fm (8 handlers)
[GIN-debug] PUT    /v1/user                  --> backend/internal/controllers/v1.UserControllerV1.UpdateUser-fm (8 handlers)
[GIN-debug] DELETE /v1/user/:id              --> backend/internal/controllers/v1.UserControllerV1.DeleteUser-fm (8 handlers)
[GIN-debug] POST   /v1/auth/login            --> backend/internal/controllers/v1.AuthControllerV1.Login-fm (8 handlers)
[GIN-debug] POST   /v1/auth/logout           --> backend/internal/controllers/v1.AuthControllerV1.Logout-fm (9 handlers)
[GIN-debug] POST   /v1/auth/refresh          --> backend/internal/controllers/v1.AuthControllerV1.Refresh-fm (8 handlers)
[GIN-debug] POST   /v1/customer              --> backend/internal/controllers/v1.CustomerControllerV1.CreateCustomer-fm (8 handlers)
[GIN-debug] PUT    /v1/customer              --> backend/internal/controllers/v1.CustomerControllerV1.UpdateCustomer-fm (10 handlers)
[GIN-debug] DELETE /v1/customer              --> backend/internal/controllers/v1.CustomerControllerV1.DeleteCustomer-fm (10 handlers)
[GIN-debug] POST   /v1/tenant                --> backend/internal/controllers/v1.TenantControllerV1.CreateTenant-fm (10 handlers)
[GIN-debug] PUT    /v1/tenant                --> backend/internal/controllers/v1.TenantControllerV1.UpdateTenant-fm (10 handlers)
[GIN-debug] DELETE /v1/tenant                --> backend/internal/controllers/v1.TenantControllerV1.DeleteTenant-fm (10 handlers)
[GIN-debug] POST   /v1/tenant/add-to         --> backend/internal/controllers/v1.TenantControllerV1.AddUserToTenant-fm (10 handlers)
[GIN-debug] GET    /v1/tenant/all            --> backend/internal/controllers/v1.TenantControllerV1.AllTenants-fm (11 handlers)
[GIN-debug] GET    /v1/tenant/user           --> backend/internal/controllers/v1.TenantControllerV1.GetUserTenants-fm (9 handlers)
[GIN-debug] POST   /v1/ticket                --> backend/internal/controllers/v1.TicketControllerV1.CreateTicket-fm (10 handlers)
[GIN-debug] PUT    /v1/ticket/:id            --> backend/internal/controllers/v1.TicketControllerV1.UpdateTicket-fm (10 handlers)
[GIN-debug] DELETE /v1/ticket/:id            --> backend/internal/controllers/v1.TicketControllerV1.DeleteTicket-fm (10 handlers)
[GIN-debug] GET    /v1/ticket/user           --> backend/internal/controllers/v1.TicketControllerV1.ListTicketsByUserId-fm (11 handlers)
[GIN-debug] GET    /v1/ticket/:id            --> backend/internal/controllers/v1.TicketControllerV1.GetTicket-fm (9 handlers)
[GIN-debug] GET    /v1/ticket/:id/comments   --> backend/internal/controllers/v1.TicketControllerV1.ListCommentsByTicketID-fm (9 handlers)
[GIN-debug] GET    /v1/ticket/customer       --> backend/internal/controllers/v1.TicketControllerV1.ListTicketsByCustomerId-fm (11 handlers)
[GIN-debug] GET    /v1/ws/ticket/:ticketId   --> backend/internal/routes/v1.ticketRoutes.func1 (6 handlers)
[GIN-debug] POST   /v1/invoice               --> backend/internal/controllers/v1.InvoiceControllerV1.CreateInvoice-fm (8 handlers)
[GIN] 2025/09/11 - 18:51:27 | 200 |   56.255679ms |             ::1 | POST     "/v1/auth/login"
[GIN] 2025/09/11 - 18:53:43 | 200 |     301.226µs |             ::1 | POST     "/v1/auth/refresh"
[GIN] 2025/09/11 - 19:17:43 | 200 |     316.875µs |             ::1 | POST     "/v1/auth/refresh"
